0 info it worked if it ends with ok
1 verbose cli [ 'node', '/usr/local/bin/npm', 'install' ]
2 info using npm@1.2.14
3 info using node@v0.8.22
4 verbose read json /Users/thomasgoguelin/Documents/WebGL_project_amaudev/package.json
5 error install Couldn't read dependencies
6 error Error: ENOENT, open '/Users/thomasgoguelin/Documents/WebGL_project_amaudev/package.json'
7 error If you need help, you may report this log at:
7 error     <http://github.com/isaacs/npm/issues>
7 error or email it to:
7 error     <npm-@googlegroups.com>
8 error System Darwin 11.4.2
9 error command "node" "/usr/local/bin/npm" "install"
10 error cwd /Users/thomasgoguelin/Documents/WebGL_project_amaudev
11 error node -v v0.8.22
12 error npm -v 1.2.14
13 error path /Users/thomasgoguelin/Documents/WebGL_project_amaudev/package.json
14 error code ENOENT
15 error errno 34
16 verbose exit [ 34, true ]
